<?xml version="1.0" encoding="UTF-8"?>
<!-- Generated by org.testng.reporters.JUnitXMLReporter -->
<testsuite ignored="2" hostname="DESKTOP-TTU6VHM" failures="1" tests="4" name="Test" time="5.855" errors="0" timestamp="2024-02-01T19:36:06 IST">
  <testcase classname="testclasses.RegisterTest" name="registerUser" time="3.225"/>
  <testcase classname="testclasses.RegisterTest" name="navToLoginPage" time="0.648"/>
  <testcase classname="testclasses.LoginTest" name="validateTitle" time="0.048">
    <failure type="java.lang.AssertionError" message="expected [Let&amp;apos;ss Shop] but found [Let&amp;apos;s Shop]">
      <![CDATA[java.lang.AssertionError: expected [Let'ss Shop] but found [Let's Shop]
at testclasses.LoginTest.validateTitle(LoginTest.java:39)
at java.base/java.util.ArrayList.forEach(ArrayList.java:1511)
... Removed 37 stack frames]]>
    </failure>
  </testcase> <!-- validateTitle -->
  <testcase classname="testclasses.LoginTest" name="loginToApp" time="0.565"/>
  <testcase classname="testclasses.BaseTest" name="@AfterSuite tearDown" time="0.0">
    <ignored/>
  </testcase> <!-- @AfterSuite tearDown -->
  <testcase classname="testclasses.BaseTest" name="@BeforeSuite initBrowser" time="0.0">
    <ignored/>
  </testcase> <!-- @BeforeSuite initBrowser -->
</testsuite> <!-- Test -->
